\\ueahome4\stusci6\jsc16gru\data\documents\year 3\graphics coursework\coursework\release\vc141.pdb
\\ueahome4\stusci6\jsc16gru\data\documents\year 3\graphics coursework\coursework\release\shader.obj
\\ueahome4\stusci6\jsc16gru\data\documents\year 3\graphics coursework\coursework\release\octree.obj
\\ueahome4\stusci6\jsc16gru\data\documents\year 3\graphics coursework\coursework\release\intersectiontests.obj
\\ueahome4\stusci6\jsc16gru\data\documents\year 3\graphics coursework\coursework\release\texturehandler.obj
\\ueahome4\stusci6\jsc16gru\data\documents\year 3\graphics coursework\coursework\release\vector3d.obj
\\ueahome4\stusci6\jsc16gru\data\documents\year 3\graphics coursework\coursework\release\vector2d.obj
\\ueahome4\stusci6\jsc16gru\data\documents\year 3\graphics coursework\coursework\release\spin.obj
\\ueahome4\stusci6\jsc16gru\data\documents\year 3\graphics coursework\coursework\release\objloader.obj
\\ueahome4\stusci6\jsc16gru\data\documents\year 3\graphics coursework\coursework\release\imageloaderpng.obj
\\ueahome4\stusci6\jsc16gru\data\documents\year 3\graphics coursework\coursework\release\threedmodel.obj
\\ueahome4\stusci6\jsc16gru\data\documents\year 3\graphics coursework\coursework\release\boundingbox.obj
\\ueahome4\stusci6\jsc16gru\data\documents\year 3\graphics coursework\coursework\release\main.obj
\\ueahome4\stusci6\jsc16gru\data\documents\year 3\graphics coursework\coursework\release\character.obj
\\ueahome4\stusci6\jsc16gru\data\documents\year 3\graphics coursework\coursework\release\camera.obj
\\ueahome4\stusci6\jsc16gru\data\documents\year 3\graphics coursework\coursework\release\box.obj
\\ueahome4\stusci6\jsc16gru\data\documents\year 3\graphics coursework\coursework\release\actor.obj
\\ueahome4\stusci6\jsc16gru\data\documents\year 3\graphics coursework\coursework\release\objloadingwin32.exe
\\ueahome4\stusci6\jsc16gru\data\documents\year 3\graphics coursework\coursework\release\objloadingwin32.pdb
\\ueahome4\stusci6\jsc16gru\data\documents\year 3\graphics coursework\coursework\release\objloadingwin32.ipdb
\\ueahome4\stusci6\jsc16gru\data\documents\year 3\graphics coursework\coursework\release\objloadingwin32.iobj
c:\users\alexander\documents\year 3\graphics coursework\release\actor.obj
c:\users\alexander\documents\year 3\graphics coursework\release\boundingbox.obj
c:\users\alexander\documents\year 3\graphics coursework\release\box.obj
c:\users\alexander\documents\year 3\graphics coursework\release\camera.obj
c:\users\alexander\documents\year 3\graphics coursework\release\character.obj
c:\users\alexander\documents\year 3\graphics coursework\release\imageloaderpng.obj
c:\users\alexander\documents\year 3\graphics coursework\release\intersectiontests.obj
c:\users\alexander\documents\year 3\graphics coursework\release\main.obj
c:\users\alexander\documents\year 3\graphics coursework\release\objloader.obj
c:\users\alexander\documents\year 3\graphics coursework\release\octree.obj
c:\users\alexander\documents\year 3\graphics coursework\release\shader.obj
c:\users\alexander\documents\year 3\graphics coursework\release\spin.obj
c:\users\alexander\documents\year 3\graphics coursework\release\texturehandler.obj
c:\users\alexander\documents\year 3\graphics coursework\release\threedmodel.obj
c:\users\alexander\documents\year 3\graphics coursework\release\vector2d.obj
c:\users\alexander\documents\year 3\graphics coursework\release\vector3d.obj
c:\users\alexander\documents\year 3\graphics coursework\release\objloadingwin32.ipdb
c:\users\alexander\documents\year 3\graphics coursework\release\objloadingwin32.iobj
c:\users\alexander\documents\year 3\graphics coursework\release\objloadingwin32.pdb
c:\users\alexander\documents\year 3\graphics coursework\release\vc141.pdb
c:\users\alexander\documents\year 3\graphics coursework\release\objloadingwin32.exe
c:\users\alexander\documents\year 3\graphics coursework\release\objloadingwin32.tlog\cl.command.1.tlog
c:\users\alexander\documents\year 3\graphics coursework\release\objloadingwin32.tlog\cl.read.1.tlog
c:\users\alexander\documents\year 3\graphics coursework\release\objloadingwin32.tlog\cl.write.1.tlog
c:\users\alexander\documents\year 3\graphics coursework\release\objloadingwin32.tlog\link.command.1.tlog
c:\users\alexander\documents\year 3\graphics coursework\release\objloadingwin32.tlog\link.read.1.tlog
c:\users\alexander\documents\year 3\graphics coursework\release\objloadingwin32.tlog\link.write.1.tlog
c:\users\alexander\documents\year 3\graphics coursework\release\objloadingwin32.tlog\objloadingwin32.write.1u.tlog
